mode: set
cat-app/routers/router.go:8.13,21.2 9 0
cat-app/main.go:8.13,10.2 1 0
cat-app/controllers/main_controller.go:22.32,25.12 2 0
cat-app/controllers/main_controller.go:25.12,27.3 1 0
cat-app/controllers/main_controller.go:28.2,30.32 2 0
cat-app/controllers/main_controller.go:30.32,33.3 2 0
cat-app/controllers/main_controller.go:35.2,35.25 1 0
cat-app/controllers/main_controller.go:39.42,41.12 2 0
cat-app/controllers/main_controller.go:41.12,43.3 1 0
cat-app/controllers/main_controller.go:44.2,48.15 3 0
cat-app/controllers/main_controller.go:51.42,57.34 3 0
cat-app/controllers/main_controller.go:57.34,59.3 1 0
cat-app/controllers/main_controller.go:62.2,63.16 2 0
cat-app/controllers/main_controller.go:63.16,65.3 1 0
cat-app/controllers/main_controller.go:66.2,69.16 3 0
cat-app/controllers/main_controller.go:69.16,71.3 1 0
cat-app/controllers/main_controller.go:73.2,75.16 3 0
cat-app/controllers/main_controller.go:75.16,77.3 1 0
cat-app/controllers/main_controller.go:79.2,79.21 1 0
cat-app/controllers/main_controller.go:79.21,86.3 1 0
cat-app/controllers/main_controller.go:86.8,88.3 1 0
cat-app/controllers/main_controller.go:91.39,102.2 7 0
cat-app/controllers/main_controller.go:104.84,118.16 5 0
cat-app/controllers/main_controller.go:118.16,121.3 2 0
cat-app/controllers/main_controller.go:124.2,130.16 5 0
cat-app/controllers/main_controller.go:130.16,133.3 2 0
cat-app/controllers/main_controller.go:134.2,137.54 2 0
cat-app/controllers/main_controller.go:137.54,139.17 2 0
cat-app/controllers/main_controller.go:139.17,142.4 2 0
cat-app/controllers/main_controller.go:145.3,147.17 3 0
cat-app/controllers/main_controller.go:147.17,150.4 2 0
cat-app/controllers/main_controller.go:152.3,152.90 1 0
cat-app/controllers/main_controller.go:152.90,155.4 1 0
cat-app/controllers/main_controller.go:155.9,157.4 1 0
cat-app/controllers/main_controller.go:158.8,160.3 1 0
cat-app/controllers/main_controller.go:164.37,173.12 4 0
cat-app/controllers/main_controller.go:173.12,176.17 2 0
cat-app/controllers/main_controller.go:176.17,182.4 2 0
cat-app/controllers/main_controller.go:185.3,195.17 7 0
cat-app/controllers/main_controller.go:195.17,201.4 2 0
cat-app/controllers/main_controller.go:202.3,206.17 3 0
cat-app/controllers/main_controller.go:206.17,212.4 2 0
cat-app/controllers/main_controller.go:215.3,217.17 3 0
cat-app/controllers/main_controller.go:217.17,223.4 2 0
cat-app/controllers/main_controller.go:226.3,229.4 1 0
cat-app/controllers/main_controller.go:233.2,237.15 3 0
cat-app/controllers/main_controller.go:242.43,256.32 7 0
cat-app/controllers/main_controller.go:256.32,260.3 2 0
cat-app/controllers/main_controller.go:263.2,264.15 2 0
cat-app/controllers/main_controller.go:267.123,280.16 5 0
cat-app/controllers/main_controller.go:280.16,283.3 2 0
cat-app/controllers/main_controller.go:286.2,292.16 5 0
cat-app/controllers/main_controller.go:292.16,295.3 2 0
cat-app/controllers/main_controller.go:296.2,299.54 2 0
cat-app/controllers/main_controller.go:299.54,307.13 2 0
cat-app/controllers/main_controller.go:307.13,310.4 2 0
cat-app/controllers/main_controller.go:311.8,313.3 1 0
cat-app/controllers/main_controller.go:316.41,319.12 2 0
cat-app/controllers/main_controller.go:319.12,326.17 4 0
cat-app/controllers/main_controller.go:326.17,332.4 2 0
cat-app/controllers/main_controller.go:335.3,340.17 4 0
cat-app/controllers/main_controller.go:340.17,346.4 2 0
cat-app/controllers/main_controller.go:347.3,351.17 3 0
cat-app/controllers/main_controller.go:351.17,357.4 2 0
cat-app/controllers/main_controller.go:360.3,362.17 3 0
cat-app/controllers/main_controller.go:362.17,368.4 2 0
cat-app/controllers/main_controller.go:371.3,375.4 1 0
cat-app/controllers/main_controller.go:379.2,381.15 3 0
cat-app/controllers/main_controller.go:384.43,386.22 2 0
cat-app/controllers/main_controller.go:386.22,393.3 3 0
cat-app/controllers/main_controller.go:395.2,397.12 2 0
cat-app/controllers/main_controller.go:397.12,407.17 5 0
cat-app/controllers/main_controller.go:407.17,413.4 2 0
cat-app/controllers/main_controller.go:416.3,421.17 4 0
cat-app/controllers/main_controller.go:421.17,427.4 2 0
cat-app/controllers/main_controller.go:428.3,432.17 3 0
cat-app/controllers/main_controller.go:432.17,438.4 2 0
cat-app/controllers/main_controller.go:441.3,441.39 1 0
cat-app/controllers/main_controller.go:441.39,447.4 2 0
cat-app/controllers/main_controller.go:450.3,453.4 1 0
cat-app/controllers/main_controller.go:457.2,459.15 3 0
cat-app/controllers/main_controller.go:462.38,467.16 4 0
cat-app/controllers/main_controller.go:467.16,474.3 3 0
cat-app/controllers/main_controller.go:476.2,479.16 4 0
cat-app/controllers/main_controller.go:479.16,486.3 3 0
cat-app/controllers/main_controller.go:487.2,490.16 3 0
cat-app/controllers/main_controller.go:490.16,497.3 3 0
cat-app/controllers/main_controller.go:499.2,500.54 2 0
cat-app/controllers/main_controller.go:500.54,507.3 3 0
cat-app/controllers/main_controller.go:509.2,510.15 2 0
cat-app/controllers/main_controller.go:514.44,525.12 8 0
cat-app/controllers/main_controller.go:525.12,528.17 3 0
cat-app/controllers/main_controller.go:528.17,531.4 2 0
cat-app/controllers/main_controller.go:532.3,536.17 4 0
cat-app/controllers/main_controller.go:536.17,539.4 2 0
cat-app/controllers/main_controller.go:540.3,543.17 3 0
cat-app/controllers/main_controller.go:543.17,546.4 2 0
cat-app/controllers/main_controller.go:548.3,549.54 2 0
cat-app/controllers/main_controller.go:549.54,552.4 2 0
cat-app/controllers/main_controller.go:554.3,554.21 1 0
cat-app/controllers/main_controller.go:558.2,558.12 1 0
cat-app/controllers/main_controller.go:558.12,561.17 3 0
cat-app/controllers/main_controller.go:561.17,564.4 2 0
cat-app/controllers/main_controller.go:565.3,569.17 4 0
cat-app/controllers/main_controller.go:569.17,572.4 2 0
cat-app/controllers/main_controller.go:573.3,576.17 3 0
cat-app/controllers/main_controller.go:576.17,579.4 2 0
cat-app/controllers/main_controller.go:581.3,582.55 2 0
cat-app/controllers/main_controller.go:582.55,585.4 2 0
cat-app/controllers/main_controller.go:587.3,587.23 1 0
cat-app/controllers/main_controller.go:591.2,591.9 1 0
cat-app/controllers/main_controller.go:592.24,596.4 1 0
cat-app/controllers/main_controller.go:597.28,603.4 2 0
cat-app/controllers/main_controller.go:606.2,606.15 1 0
